#! /c/Source/iverilog-install/bin/vvp
:ivl_version "12.0 (devel)" "(s20150603-1110-g18392a46)";
:ivl_delay_selection "TYPICAL";
:vpi_time_precision + 0;
:vpi_module "C:\iverilog\lib\ivl\system.vpi";
:vpi_module "C:\iverilog\lib\ivl\vhdl_sys.vpi";
:vpi_module "C:\iverilog\lib\ivl\vhdl_textio.vpi";
:vpi_module "C:\iverilog\lib\ivl\v2005_math.vpi";
:vpi_module "C:\iverilog\lib\ivl\va_math.vpi";
S_0000018c50b2dd90 .scope module, "tb_4to1_mux" "tb_4to1_mux" 2 1;
 .timescale 0 0;
v0000018c50b2aa90_0 .var "a", 7 0;
v0000018c50b2ab30_0 .var "b", 7 0;
v0000018c50b2abd0_0 .var "c", 7 0;
v0000018c50b2ac70_0 .var "d", 7 0;
v0000018c50b2ad10_0 .var/i "i", 31 0;
v0000018c50b2adb0_0 .net "out", 7 0, v0000018c50b2a950_0;  1 drivers
v0000018c509f3cc0_0 .var "sel", 1 0;
S_0000018c50b2df20 .scope module, "pr_en0" "pr_en" 2 10, 3 1 0, S_0000018c50b2dd90;
 .timescale 0 0;
    .port_info 0 /INPUT 8 "a";
    .port_info 1 /INPUT 8 "b";
    .port_info 2 /INPUT 8 "c";
    .port_info 3 /INPUT 8 "d";
    .port_info 4 /INPUT 2 "sel";
    .port_info 5 /OUTPUT 8 "out";
v0000018c50b2e0b0_0 .net "a", 7 0, v0000018c50b2aa90_0;  1 drivers
v0000018c509c3300_0 .net "b", 7 0, v0000018c50b2ab30_0;  1 drivers
v0000018c509c2f80_0 .net "c", 7 0, v0000018c50b2abd0_0;  1 drivers
v0000018c50b2a8b0_0 .net "d", 7 0, v0000018c50b2ac70_0;  1 drivers
v0000018c50b2a950_0 .var "out", 7 0;
v0000018c50b2a9f0_0 .net "sel", 1 0, v0000018c509f3cc0_0;  1 drivers
E_0000018c509f8140/0 .event anyedge, v0000018c50b2a9f0_0, v0000018c50b2a8b0_0, v0000018c509c2f80_0, v0000018c509c3300_0;
E_0000018c509f8140/1 .event anyedge, v0000018c50b2e0b0_0;
E_0000018c509f8140 .event/or E_0000018c509f8140/0, E_0000018c509f8140/1;
    .scope S_0000018c50b2df20;
T_0 ;
    %wait E_0000018c509f8140;
    %load/vec4 v0000018c50b2a9f0_0;
    %cmpi/e 0, 0, 2;
    %jmp/0xz  T_0.0, 4;
    %load/vec4 v0000018c50b2e0b0_0;
    %assign/vec4 v0000018c50b2a950_0, 0;
    %jmp T_0.1;
T_0.0 ;
    %load/vec4 v0000018c50b2a9f0_0;
    %cmpi/e 1, 0, 2;
    %jmp/0xz  T_0.2, 4;
    %load/vec4 v0000018c509c3300_0;
    %assign/vec4 v0000018c50b2a950_0, 0;
    %jmp T_0.3;
T_0.2 ;
    %load/vec4 v0000018c50b2a9f0_0;
    %cmpi/e 2, 0, 2;
    %jmp/0xz  T_0.4, 4;
    %load/vec4 v0000018c509c2f80_0;
    %assign/vec4 v0000018c50b2a950_0, 0;
    %jmp T_0.5;
T_0.4 ;
    %load/vec4 v0000018c50b2a8b0_0;
    %assign/vec4 v0000018c50b2a950_0, 0;
T_0.5 ;
T_0.3 ;
T_0.1 ;
    %jmp T_0;
    .thread T_0, $push;
    .scope S_0000018c50b2dd90;
T_1 ;
    %pushi/vec4 0, 0, 2;
    %assign/vec4 v0000018c509f3cc0_0, 0;
    %vpi_func 2 19 "$random" 32 {0 0 0};
    %pad/s 8;
    %assign/vec4 v0000018c50b2aa90_0, 0;
    %vpi_func 2 20 "$random" 32 {0 0 0};
    %pad/s 8;
    %assign/vec4 v0000018c50b2ab30_0, 0;
    %vpi_func 2 21 "$random" 32 {0 0 0};
    %pad/s 8;
    %assign/vec4 v0000018c50b2abd0_0, 0;
    %vpi_func 2 22 "$random" 32 {0 0 0};
    %pad/s 8;
    %assign/vec4 v0000018c50b2ac70_0, 0;
    %pushi/vec4 1, 0, 32;
    %store/vec4 v0000018c50b2ad10_0, 0, 32;
T_1.0 ;
    %load/vec4 v0000018c50b2ad10_0;
    %cmpi/s 4, 0, 32;
    %jmp/0xz T_1.1, 5;
    %delay 5, 0;
    %load/vec4 v0000018c50b2ad10_0;
    %pad/s 2;
    %assign/vec4 v0000018c509f3cc0_0, 0;
    %load/vec4 v0000018c50b2ad10_0;
    %addi 1, 0, 32;
    %store/vec4 v0000018c50b2ad10_0, 0, 32;
    %jmp T_1.0;
T_1.1 ;
    %delay 5, 0;
    %vpi_call 2 28 "$finish" {0 0 0};
    %end;
    .thread T_1;
# The file index is used to find the file name in the following table.
:file_names 4;
    "N/A";
    "<interactive>";
    "tb_8bit_pe.v";
    "8bit_pe.v";
